[2017-01-06 19:09:17][debug] <xml><appid><![CDATA[wxb5aec13c030a530b]]></appid>
<attach><![CDATA[创意床头灯]]></attach>
<bank_type><![CDATA[CMB_DEBIT]]></bank_type>
<cash_fee><![CDATA[6]]></cash_fee>
<fee_type><![CDATA[CNY]]></fee_type>
<is_subscribe><![CDATA[Y]]></is_subscribe>
<mch_id><![CDATA[1267579601]]></mch_id>
<nonce_str><![CDATA[3l94n4o4qwcyzrufycmbumw6t66tirwt]]></nonce_str>
<openid><![CDATA[okRTqvv9Rri34dDloixJeixyRPms]]></openid>
<out_trade_no><![CDATA[2017010608211]]></out_trade_no>
<result_code><![CDATA[SUCCESS]]></result_code>
<return_code><![CDATA[SUCCESS]]></return_code>
<sign><![CDATA[D39EC02A1D80DF1745EA1616BB5683C3]]></sign>
<time_end><![CDATA[20170106190916]]></time_end>
<total_fee>6</total_fee>
<trade_type><![CDATA[JSAPI]]></trade_type>
<transaction_id><![CDATA[4000242001201701065425668595]]></transaction_id>
</xml>
[2017-01-06 19:09:29][debug] <xml><appid><![CDATA[wxb5aec13c030a530b]]></appid>
<attach><![CDATA[创意床头灯]]></attach>
<bank_type><![CDATA[CMB_DEBIT]]></bank_type>
<cash_fee><![CDATA[6]]></cash_fee>
<fee_type><![CDATA[CNY]]></fee_type>
<is_subscribe><![CDATA[Y]]></is_subscribe>
<mch_id><![CDATA[1267579601]]></mch_id>
<nonce_str><![CDATA[3l94n4o4qwcyzrufycmbumw6t66tirwt]]></nonce_str>
<openid><![CDATA[okRTqvv9Rri34dDloixJeixyRPms]]></openid>
<out_trade_no><![CDATA[2017010608211]]></out_trade_no>
<result_code><![CDATA[SUCCESS]]></result_code>
<return_code><![CDATA[SUCCESS]]></return_code>
<sign><![CDATA[D39EC02A1D80DF1745EA1616BB5683C3]]></sign>
<time_end><![CDATA[20170106190916]]></time_end>
<total_fee>6</total_fee>
<trade_type><![CDATA[JSAPI]]></trade_type>
<transaction_id><![CDATA[4000242001201701065425668595]]></transaction_id>
</xml>
[2017-01-06 19:09:45][debug] <xml><appid><![CDATA[wxb5aec13c030a530b]]></appid>
<attach><![CDATA[创意床头灯]]></attach>
<bank_type><![CDATA[CMB_DEBIT]]></bank_type>
<cash_fee><![CDATA[6]]></cash_fee>
<fee_type><![CDATA[CNY]]></fee_type>
<is_subscribe><![CDATA[Y]]></is_subscribe>
<mch_id><![CDATA[1267579601]]></mch_id>
<nonce_str><![CDATA[3l94n4o4qwcyzrufycmbumw6t66tirwt]]></nonce_str>
<openid><![CDATA[okRTqvv9Rri34dDloixJeixyRPms]]></openid>
<out_trade_no><![CDATA[2017010608211]]></out_trade_no>
<result_code><![CDATA[SUCCESS]]></result_code>
<return_code><![CDATA[SUCCESS]]></return_code>
<sign><![CDATA[D39EC02A1D80DF1745EA1616BB5683C3]]></sign>
<time_end><![CDATA[20170106190916]]></time_end>
<total_fee>6</total_fee>
<trade_type><![CDATA[JSAPI]]></trade_type>
<transaction_id><![CDATA[4000242001201701065425668595]]></transaction_id>
</xml>
[2017-01-06 19:10:17][debug] <xml><appid><![CDATA[wxb5aec13c030a530b]]></appid>
<attach><![CDATA[创意床头灯]]></attach>
<bank_type><![CDATA[CMB_DEBIT]]></bank_type>
<cash_fee><![CDATA[6]]></cash_fee>
<fee_type><![CDATA[CNY]]></fee_type>
<is_subscribe><![CDATA[Y]]></is_subscribe>
<mch_id><![CDATA[1267579601]]></mch_id>
<nonce_str><![CDATA[3l94n4o4qwcyzrufycmbumw6t66tirwt]]></nonce_str>
<openid><![CDATA[okRTqvv9Rri34dDloixJeixyRPms]]></openid>
<out_trade_no><![CDATA[2017010608211]]></out_trade_no>
<result_code><![CDATA[SUCCESS]]></result_code>
<return_code><![CDATA[SUCCESS]]></return_code>
<sign><![CDATA[D39EC02A1D80DF1745EA1616BB5683C3]]></sign>
<time_end><![CDATA[20170106190916]]></time_end>
<total_fee>6</total_fee>
<trade_type><![CDATA[JSAPI]]></trade_type>
<transaction_id><![CDATA[4000242001201701065425668595]]></transaction_id>
</xml>
[2017-01-06 19:13:20][debug] <xml><appid><![CDATA[wxb5aec13c030a530b]]></appid>
<attach><![CDATA[创意床头灯]]></attach>
<bank_type><![CDATA[CMB_DEBIT]]></bank_type>
<cash_fee><![CDATA[6]]></cash_fee>
<fee_type><![CDATA[CNY]]></fee_type>
<is_subscribe><![CDATA[Y]]></is_subscribe>
<mch_id><![CDATA[1267579601]]></mch_id>
<nonce_str><![CDATA[3l94n4o4qwcyzrufycmbumw6t66tirwt]]></nonce_str>
<openid><![CDATA[okRTqvv9Rri34dDloixJeixyRPms]]></openid>
<out_trade_no><![CDATA[2017010608211]]></out_trade_no>
<result_code><![CDATA[SUCCESS]]></result_code>
<return_code><![CDATA[SUCCESS]]></return_code>
<sign><![CDATA[D39EC02A1D80DF1745EA1616BB5683C3]]></sign>
<time_end><![CDATA[20170106190916]]></time_end>
<total_fee>6</total_fee>
<trade_type><![CDATA[JSAPI]]></trade_type>
<transaction_id><![CDATA[4000242001201701065425668595]]></transaction_id>
</xml>
[2017-01-06 19:26:41][debug] <xml><appid><![CDATA[wxb5aec13c030a530b]]></appid>
<attach><![CDATA[创意床头灯]]></attach>
<bank_type><![CDATA[CFT]]></bank_type>
<cash_fee><![CDATA[4]]></cash_fee>
<fee_type><![CDATA[CNY]]></fee_type>
<is_subscribe><![CDATA[Y]]></is_subscribe>
<mch_id><![CDATA[1267579601]]></mch_id>
<nonce_str><![CDATA[o2y8qbw57t8nkr2h8sw3yks7srln9j3z]]></nonce_str>
<openid><![CDATA[okRTqvpPRPq2WXM_1kXSAcQSZx2g]]></openid>
<out_trade_no><![CDATA[2017010681248]]></out_trade_no>
<result_code><![CDATA[SUCCESS]]></result_code>
<return_code><![CDATA[SUCCESS]]></return_code>
<sign><![CDATA[ADD1DA801A5DEB4A93F95159B55631AB]]></sign>
<time_end><![CDATA[20170106192640]]></time_end>
<total_fee>4</total_fee>
<trade_type><![CDATA[NATIVE]]></trade_type>
<transaction_id><![CDATA[4008732001201701065432309607]]></transaction_id>
</xml>
[2017-01-06 19:26:57][debug] <xml><appid><![CDATA[wxb5aec13c030a530b]]></appid>
<attach><![CDATA[创意床头灯]]></attach>
<bank_type><![CDATA[CFT]]></bank_type>
<cash_fee><![CDATA[4]]></cash_fee>
<fee_type><![CDATA[CNY]]></fee_type>
<is_subscribe><![CDATA[Y]]></is_subscribe>
<mch_id><![CDATA[1267579601]]></mch_id>
<nonce_str><![CDATA[o2y8qbw57t8nkr2h8sw3yks7srln9j3z]]></nonce_str>
<openid><![CDATA[okRTqvpPRPq2WXM_1kXSAcQSZx2g]]></openid>
<out_trade_no><![CDATA[2017010681248]]></out_trade_no>
<result_code><![CDATA[SUCCESS]]></result_code>
<return_code><![CDATA[SUCCESS]]></return_code>
<sign><![CDATA[ADD1DA801A5DEB4A93F95159B55631AB]]></sign>
<time_end><![CDATA[20170106192640]]></time_end>
<total_fee>4</total_fee>
<trade_type><![CDATA[NATIVE]]></trade_type>
<transaction_id><![CDATA[4008732001201701065432309607]]></transaction_id>
</xml>
[2017-01-06 19:27:15][debug] <xml><appid><![CDATA[wxb5aec13c030a530b]]></appid>
<attach><![CDATA[创意床头灯]]></attach>
<bank_type><![CDATA[CFT]]></bank_type>
<cash_fee><![CDATA[4]]></cash_fee>
<fee_type><![CDATA[CNY]]></fee_type>
<is_subscribe><![CDATA[Y]]></is_subscribe>
<mch_id><![CDATA[1267579601]]></mch_id>
<nonce_str><![CDATA[o2y8qbw57t8nkr2h8sw3yks7srln9j3z]]></nonce_str>
<openid><![CDATA[okRTqvpPRPq2WXM_1kXSAcQSZx2g]]></openid>
<out_trade_no><![CDATA[2017010681248]]></out_trade_no>
<result_code><![CDATA[SUCCESS]]></result_code>
<return_code><![CDATA[SUCCESS]]></return_code>
<sign><![CDATA[ADD1DA801A5DEB4A93F95159B55631AB]]></sign>
<time_end><![CDATA[20170106192640]]></time_end>
<total_fee>4</total_fee>
<trade_type><![CDATA[NATIVE]]></trade_type>
<transaction_id><![CDATA[4008732001201701065432309607]]></transaction_id>
</xml>
[2017-01-06 19:27:46][debug] <xml><appid><![CDATA[wxb5aec13c030a530b]]></appid>
<attach><![CDATA[创意床头灯]]></attach>
<bank_type><![CDATA[CFT]]></bank_type>
<cash_fee><![CDATA[4]]></cash_fee>
<fee_type><![CDATA[CNY]]></fee_type>
<is_subscribe><![CDATA[Y]]></is_subscribe>
<mch_id><![CDATA[1267579601]]></mch_id>
<nonce_str><![CDATA[o2y8qbw57t8nkr2h8sw3yks7srln9j3z]]></nonce_str>
<openid><![CDATA[okRTqvpPRPq2WXM_1kXSAcQSZx2g]]></openid>
<out_trade_no><![CDATA[2017010681248]]></out_trade_no>
<result_code><![CDATA[SUCCESS]]></result_code>
<return_code><![CDATA[SUCCESS]]></return_code>
<sign><![CDATA[ADD1DA801A5DEB4A93F95159B55631AB]]></sign>
<time_end><![CDATA[20170106192640]]></time_end>
<total_fee>4</total_fee>
<trade_type><![CDATA[NATIVE]]></trade_type>
<transaction_id><![CDATA[4008732001201701065432309607]]></transaction_id>
</xml>
[2017-01-06 19:30:48][debug] <xml><appid><![CDATA[wxb5aec13c030a530b]]></appid>
<attach><![CDATA[创意床头灯]]></attach>
<bank_type><![CDATA[CFT]]></bank_type>
<cash_fee><![CDATA[4]]></cash_fee>
<fee_type><![CDATA[CNY]]></fee_type>
<is_subscribe><![CDATA[Y]]></is_subscribe>
<mch_id><![CDATA[1267579601]]></mch_id>
<nonce_str><![CDATA[o2y8qbw57t8nkr2h8sw3yks7srln9j3z]]></nonce_str>
<openid><![CDATA[okRTqvpPRPq2WXM_1kXSAcQSZx2g]]></openid>
<out_trade_no><![CDATA[2017010681248]]></out_trade_no>
<result_code><![CDATA[SUCCESS]]></result_code>
<return_code><![CDATA[SUCCESS]]></return_code>
<sign><![CDATA[ADD1DA801A5DEB4A93F95159B55631AB]]></sign>
<time_end><![CDATA[20170106192640]]></time_end>
<total_fee>4</total_fee>
<trade_type><![CDATA[NATIVE]]></trade_type>
<transaction_id><![CDATA[4008732001201701065432309607]]></transaction_id>
</xml>
[2017-01-06 19:43:22][debug] <xml><appid><![CDATA[wxb5aec13c030a530b]]></appid>
<attach><![CDATA[创意床头灯]]></attach>
<bank_type><![CDATA[CMB_DEBIT]]></bank_type>
<cash_fee><![CDATA[6]]></cash_fee>
<fee_type><![CDATA[CNY]]></fee_type>
<is_subscribe><![CDATA[Y]]></is_subscribe>
<mch_id><![CDATA[1267579601]]></mch_id>
<nonce_str><![CDATA[3l94n4o4qwcyzrufycmbumw6t66tirwt]]></nonce_str>
<openid><![CDATA[okRTqvv9Rri34dDloixJeixyRPms]]></openid>
<out_trade_no><![CDATA[2017010608211]]></out_trade_no>
<result_code><![CDATA[SUCCESS]]></result_code>
<return_code><![CDATA[SUCCESS]]></return_code>
<sign><![CDATA[D39EC02A1D80DF1745EA1616BB5683C3]]></sign>
<time_end><![CDATA[20170106190916]]></time_end>
<total_fee>6</total_fee>
<trade_type><![CDATA[JSAPI]]></trade_type>
<transaction_id><![CDATA[4000242001201701065425668595]]></transaction_id>
</xml>
[2017-01-06 20:00:50][debug] <xml><appid><![CDATA[wxb5aec13c030a530b]]></appid>
<attach><![CDATA[创意床头灯]]></attach>
<bank_type><![CDATA[CFT]]></bank_type>
<cash_fee><![CDATA[4]]></cash_fee>
<fee_type><![CDATA[CNY]]></fee_type>
<is_subscribe><![CDATA[Y]]></is_subscribe>
<mch_id><![CDATA[1267579601]]></mch_id>
<nonce_str><![CDATA[o2y8qbw57t8nkr2h8sw3yks7srln9j3z]]></nonce_str>
<openid><![CDATA[okRTqvpPRPq2WXM_1kXSAcQSZx2g]]></openid>
<out_trade_no><![CDATA[2017010681248]]></out_trade_no>
<result_code><![CDATA[SUCCESS]]></result_code>
<return_code><![CDATA[SUCCESS]]></return_code>
<sign><![CDATA[ADD1DA801A5DEB4A93F95159B55631AB]]></sign>
<time_end><![CDATA[20170106192640]]></time_end>
<total_fee>4</total_fee>
<trade_type><![CDATA[NATIVE]]></trade_type>
<transaction_id><![CDATA[4008732001201701065432309607]]></transaction_id>
</xml>
[2017-01-06 20:00:50][debug] call back:{"appid":"wxb5aec13c030a530b","attach":"\u521b\u610f\u5e8a\u5934\u706f","bank_type":"CFT","cash_fee":"4","fee_type":"CNY","is_subscribe":"Y","mch_id":"1267579601","nonce_str":"o2y8qbw57t8nkr2h8sw3yks7srln9j3z","openid":"okRTqvpPRPq2WXM_1kXSAcQSZx2g","out_trade_no":"2017010681248","result_code":"SUCCESS","return_code":"SUCCESS","sign":"ADD1DA801A5DEB4A93F95159B55631AB","time_end":"20170106192640","total_fee":"4","trade_type":"NATIVE","transaction_id":"4008732001201701065432309607"}
[2017-01-06 20:00:52][debug] query:{"appid":"wxb5aec13c030a530b","attach":"\u521b\u610f\u5e8a\u5934\u706f","bank_type":"CFT","cash_fee":"4","fee_type":"CNY","is_subscribe":"Y","mch_id":"1267579601","nonce_str":"2LlEWXF23RqCTB2q","openid":"okRTqvpPRPq2WXM_1kXSAcQSZx2g","out_trade_no":"2017010681248","result_code":"SUCCESS","return_code":"SUCCESS","return_msg":"OK","sign":"D5604C5E74DBFB7BAD2645A9507CFC14","time_end":"20170106192640","total_fee":"4","trade_state":"SUCCESS","trade_type":"NATIVE","transaction_id":"4008732001201701065432309607"}
[2017-01-06 20:13:23][debug] <xml><appid><![CDATA[wxb5aec13c030a530b]]></appid>
<attach><![CDATA[创意床头灯]]></attach>
<bank_type><![CDATA[CMB_DEBIT]]></bank_type>
<cash_fee><![CDATA[6]]></cash_fee>
<fee_type><![CDATA[CNY]]></fee_type>
<is_subscribe><![CDATA[Y]]></is_subscribe>
<mch_id><![CDATA[1267579601]]></mch_id>
<nonce_str><![CDATA[3l94n4o4qwcyzrufycmbumw6t66tirwt]]></nonce_str>
<openid><![CDATA[okRTqvv9Rri34dDloixJeixyRPms]]></openid>
<out_trade_no><![CDATA[2017010608211]]></out_trade_no>
<result_code><![CDATA[SUCCESS]]></result_code>
<return_code><![CDATA[SUCCESS]]></return_code>
<sign><![CDATA[D39EC02A1D80DF1745EA1616BB5683C3]]></sign>
<time_end><![CDATA[20170106190916]]></time_end>
<total_fee>6</total_fee>
<trade_type><![CDATA[JSAPI]]></trade_type>
<transaction_id><![CDATA[4000242001201701065425668595]]></transaction_id>
</xml>
[2017-01-06 20:40:23][debug] <xml><appid><![CDATA[wxb5aec13c030a530b]]></appid>
<attach><![CDATA[创意床头灯]]></attach>
<bank_type><![CDATA[CFT]]></bank_type>
<cash_fee><![CDATA[1]]></cash_fee>
<fee_type><![CDATA[CNY]]></fee_type>
<is_subscribe><![CDATA[Y]]></is_subscribe>
<mch_id><![CDATA[1267579601]]></mch_id>
<nonce_str><![CDATA[a06jw5vw3dn6fmwwdy44mrxipgn1tgxb]]></nonce_str>
<openid><![CDATA[okRTqvpPRPq2WXM_1kXSAcQSZx2g]]></openid>
<out_trade_no><![CDATA[2017010619116]]></out_trade_no>
<result_code><![CDATA[SUCCESS]]></result_code>
<return_code><![CDATA[SUCCESS]]></return_code>
<sign><![CDATA[AA45AE6BA8B2ACDBF2CF078200C93F26]]></sign>
<time_end><![CDATA[20170106204023]]></time_end>
<total_fee>1</total_fee>
<trade_type><![CDATA[JSAPI]]></trade_type>
<transaction_id><![CDATA[4008732001201701065440638908]]></transaction_id>
</xml>
[2017-01-06 20:40:23][debug] call back:{"appid":"wxb5aec13c030a530b","attach":"\u521b\u610f\u5e8a\u5934\u706f","bank_type":"CFT","cash_fee":"1","fee_type":"CNY","is_subscribe":"Y","mch_id":"1267579601","nonce_str":"a06jw5vw3dn6fmwwdy44mrxipgn1tgxb","openid":"okRTqvpPRPq2WXM_1kXSAcQSZx2g","out_trade_no":"2017010619116","result_code":"SUCCESS","return_code":"SUCCESS","sign":"AA45AE6BA8B2ACDBF2CF078200C93F26","time_end":"20170106204023","total_fee":"1","trade_type":"JSAPI","transaction_id":"4008732001201701065440638908"}
[2017-01-06 20:40:24][debug] query:{"appid":"wxb5aec13c030a530b","attach":"\u521b\u610f\u5e8a\u5934\u706f","bank_type":"CFT","cash_fee":"1","fee_type":"CNY","is_subscribe":"Y","mch_id":"1267579601","nonce_str":"x5o2YCaFkOciDeDu","openid":"okRTqvpPRPq2WXM_1kXSAcQSZx2g","out_trade_no":"2017010619116","result_code":"SUCCESS","return_code":"SUCCESS","return_msg":"OK","sign":"4ED3533DFACFBBA5D22901209BF9327D","time_end":"20170106204023","total_fee":"1","trade_state":"SUCCESS","trade_type":"JSAPI","transaction_id":"4008732001201701065440638908"}
[2017-01-06 20:43:24][debug] <xml><appid><![CDATA[wxb5aec13c030a530b]]></appid>
<attach><![CDATA[创意床头灯]]></attach>
<bank_type><![CDATA[CMB_DEBIT]]></bank_type>
<cash_fee><![CDATA[6]]></cash_fee>
<fee_type><![CDATA[CNY]]></fee_type>
<is_subscribe><![CDATA[Y]]></is_subscribe>
<mch_id><![CDATA[1267579601]]></mch_id>
<nonce_str><![CDATA[3l94n4o4qwcyzrufycmbumw6t66tirwt]]></nonce_str>
<openid><![CDATA[okRTqvv9Rri34dDloixJeixyRPms]]></openid>
<out_trade_no><![CDATA[2017010608211]]></out_trade_no>
<result_code><![CDATA[SUCCESS]]></result_code>
<return_code><![CDATA[SUCCESS]]></return_code>
<sign><![CDATA[D39EC02A1D80DF1745EA1616BB5683C3]]></sign>
<time_end><![CDATA[20170106190916]]></time_end>
<total_fee>6</total_fee>
<trade_type><![CDATA[JSAPI]]></trade_type>
<transaction_id><![CDATA[4000242001201701065425668595]]></transaction_id>
</xml>
[2017-01-06 21:13:27][debug] <xml><appid><![CDATA[wxb5aec13c030a530b]]></appid>
<attach><![CDATA[创意床头灯]]></attach>
<bank_type><![CDATA[CMB_DEBIT]]></bank_type>
<cash_fee><![CDATA[6]]></cash_fee>
<fee_type><![CDATA[CNY]]></fee_type>
<is_subscribe><![CDATA[Y]]></is_subscribe>
<mch_id><![CDATA[1267579601]]></mch_id>
<nonce_str><![CDATA[3l94n4o4qwcyzrufycmbumw6t66tirwt]]></nonce_str>
<openid><![CDATA[okRTqvv9Rri34dDloixJeixyRPms]]></openid>
<out_trade_no><![CDATA[2017010608211]]></out_trade_no>
<result_code><![CDATA[SUCCESS]]></result_code>
<return_code><![CDATA[SUCCESS]]></return_code>
<sign><![CDATA[D39EC02A1D80DF1745EA1616BB5683C3]]></sign>
<time_end><![CDATA[20170106190916]]></time_end>
<total_fee>6</total_fee>
<trade_type><![CDATA[JSAPI]]></trade_type>
<transaction_id><![CDATA[4000242001201701065425668595]]></transaction_id>
</xml>
[2017-01-06 22:13:29][debug] <xml><appid><![CDATA[wxb5aec13c030a530b]]></appid>
<attach><![CDATA[创意床头灯]]></attach>
<bank_type><![CDATA[CMB_DEBIT]]></bank_type>
<cash_fee><![CDATA[6]]></cash_fee>
<fee_type><![CDATA[CNY]]></fee_type>
<is_subscribe><![CDATA[Y]]></is_subscribe>
<mch_id><![CDATA[1267579601]]></mch_id>
<nonce_str><![CDATA[3l94n4o4qwcyzrufycmbumw6t66tirwt]]></nonce_str>
<openid><![CDATA[okRTqvv9Rri34dDloixJeixyRPms]]></openid>
<out_trade_no><![CDATA[2017010608211]]></out_trade_no>
<result_code><![CDATA[SUCCESS]]></result_code>
<return_code><![CDATA[SUCCESS]]></return_code>
<sign><![CDATA[D39EC02A1D80DF1745EA1616BB5683C3]]></sign>
<time_end><![CDATA[20170106190916]]></time_end>
<total_fee>6</total_fee>
<trade_type><![CDATA[JSAPI]]></trade_type>
<transaction_id><![CDATA[4000242001201701065425668595]]></transaction_id>
</xml>
