[2017-02-11 19:36:53][debug] <xml><appid><![CDATA[wxb5aec13c030a530b]]></appid>
<attach><![CDATA[创意床头灯]]></attach>
<bank_type><![CDATA[CFT]]></bank_type>
<cash_fee><![CDATA[2]]></cash_fee>
<fee_type><![CDATA[CNY]]></fee_type>
<is_subscribe><![CDATA[N]]></is_subscribe>
<mch_id><![CDATA[1267579601]]></mch_id>
<nonce_str><![CDATA[cyd1wwna3q6xkwc91ndgzal9nlr4hn23]]></nonce_str>
<openid><![CDATA[okRTqvhXfkjxIVLsxkRvhow5iPsg]]></openid>
<out_trade_no><![CDATA[2017021155693]]></out_trade_no>
<result_code><![CDATA[SUCCESS]]></result_code>
<return_code><![CDATA[SUCCESS]]></return_code>
<sign><![CDATA[82F89825D5B6BF23131AB463E971F75E]]></sign>
<time_end><![CDATA[20170211193652]]></time_end>
<total_fee>2</total_fee>
<trade_type><![CDATA[JSAPI]]></trade_type>
<transaction_id><![CDATA[4006152001201702119584530599]]></transaction_id>
</xml>
[2017-02-11 19:36:53][debug] call back:{"appid":"wxb5aec13c030a530b","attach":"\u521b\u610f\u5e8a\u5934\u706f","bank_type":"CFT","cash_fee":"2","fee_type":"CNY","is_subscribe":"N","mch_id":"1267579601","nonce_str":"cyd1wwna3q6xkwc91ndgzal9nlr4hn23","openid":"okRTqvhXfkjxIVLsxkRvhow5iPsg","out_trade_no":"2017021155693","result_code":"SUCCESS","return_code":"SUCCESS","sign":"82F89825D5B6BF23131AB463E971F75E","time_end":"20170211193652","total_fee":"2","trade_type":"JSAPI","transaction_id":"4006152001201702119584530599"}
[2017-02-11 19:36:53][debug] query:{"appid":"wxb5aec13c030a530b","attach":"\u521b\u610f\u5e8a\u5934\u706f","bank_type":"CFT","cash_fee":"2","fee_type":"CNY","is_subscribe":"N","mch_id":"1267579601","nonce_str":"qcFL9dM0Hh0V64U7","openid":"okRTqvhXfkjxIVLsxkRvhow5iPsg","out_trade_no":"2017021155693","result_code":"SUCCESS","return_code":"SUCCESS","return_msg":"OK","sign":"EED2078BC150D34A0918EDF29EE88619","time_end":"20170211193652","total_fee":"2","trade_state":"SUCCESS","trade_type":"JSAPI","transaction_id":"4006152001201702119584530599"}
