[2017-01-14 09:27:52][debug] <xml><appid><![CDATA[wxb5aec13c030a530b]]></appid>
<attach><![CDATA[创意床头灯]]></attach>
<bank_type><![CDATA[CFT]]></bank_type>
<cash_fee><![CDATA[12]]></cash_fee>
<fee_type><![CDATA[CNY]]></fee_type>
<is_subscribe><![CDATA[Y]]></is_subscribe>
<mch_id><![CDATA[1267579601]]></mch_id>
<nonce_str><![CDATA[y4k565x219sy52v5ejadedonxc6y9cb9]]></nonce_str>
<openid><![CDATA[okRTqvvt9sAqHsu1sggFvyZaXJ-8]]></openid>
<out_trade_no><![CDATA[2017011447282]]></out_trade_no>
<result_code><![CDATA[SUCCESS]]></result_code>
<return_code><![CDATA[SUCCESS]]></return_code>
<sign><![CDATA[69CE681B09E20E5C65B47A0A38D02C23]]></sign>
<time_end><![CDATA[20170114092752]]></time_end>
<total_fee>12</total_fee>
<trade_type><![CDATA[JSAPI]]></trade_type>
<transaction_id><![CDATA[4004122001201701146253213949]]></transaction_id>
</xml>
[2017-01-14 09:27:52][debug] call back:{"appid":"wxb5aec13c030a530b","attach":"\u521b\u610f\u5e8a\u5934\u706f","bank_type":"CFT","cash_fee":"12","fee_type":"CNY","is_subscribe":"Y","mch_id":"1267579601","nonce_str":"y4k565x219sy52v5ejadedonxc6y9cb9","openid":"okRTqvvt9sAqHsu1sggFvyZaXJ-8","out_trade_no":"2017011447282","result_code":"SUCCESS","return_code":"SUCCESS","sign":"69CE681B09E20E5C65B47A0A38D02C23","time_end":"20170114092752","total_fee":"12","trade_type":"JSAPI","transaction_id":"4004122001201701146253213949"}
[2017-01-14 09:27:52][debug] query:{"appid":"wxb5aec13c030a530b","attach":"\u521b\u610f\u5e8a\u5934\u706f","bank_type":"CFT","cash_fee":"12","fee_type":"CNY","is_subscribe":"Y","mch_id":"1267579601","nonce_str":"A2w2S9cx21Zcphnr","openid":"okRTqvvt9sAqHsu1sggFvyZaXJ-8","out_trade_no":"2017011447282","result_code":"SUCCESS","return_code":"SUCCESS","return_msg":"OK","sign":"5F2715AE993011DF31B79BD4E5B91E01","time_end":"20170114092752","total_fee":"12","trade_state":"SUCCESS","trade_type":"JSAPI","transaction_id":"4004122001201701146253213949"}
[2017-01-14 09:29:14][debug] <xml><appid><![CDATA[wxb5aec13c030a530b]]></appid>
<attach><![CDATA[创意吊灯、创意床头灯]]></attach>
<bank_type><![CDATA[CFT]]></bank_type>
<cash_fee><![CDATA[8]]></cash_fee>
<fee_type><![CDATA[CNY]]></fee_type>
<is_subscribe><![CDATA[N]]></is_subscribe>
<mch_id><![CDATA[1267579601]]></mch_id>
<nonce_str><![CDATA[frzygtfwqmderagdxmkjs62lzcabyblm]]></nonce_str>
<openid><![CDATA[okRTqvnsSG3Qs0Fr14YsHbdictuM]]></openid>
<out_trade_no><![CDATA[2017011483705]]></out_trade_no>
<result_code><![CDATA[SUCCESS]]></result_code>
<return_code><![CDATA[SUCCESS]]></return_code>
<sign><![CDATA[4E485734536744B50820BB5719D906FF]]></sign>
<time_end><![CDATA[20170114092913]]></time_end>
<total_fee>8</total_fee>
<trade_type><![CDATA[NATIVE]]></trade_type>
<transaction_id><![CDATA[4006832001201701146255107787]]></transaction_id>
</xml>
[2017-01-14 09:29:14][debug] call back:{"appid":"wxb5aec13c030a530b","attach":"\u521b\u610f\u540a\u706f\u3001\u521b\u610f\u5e8a\u5934\u706f","bank_type":"CFT","cash_fee":"8","fee_type":"CNY","is_subscribe":"N","mch_id":"1267579601","nonce_str":"frzygtfwqmderagdxmkjs62lzcabyblm","openid":"okRTqvnsSG3Qs0Fr14YsHbdictuM","out_trade_no":"2017011483705","result_code":"SUCCESS","return_code":"SUCCESS","sign":"4E485734536744B50820BB5719D906FF","time_end":"20170114092913","total_fee":"8","trade_type":"NATIVE","transaction_id":"4006832001201701146255107787"}
[2017-01-14 09:29:14][debug] query:{"appid":"wxb5aec13c030a530b","attach":"\u521b\u610f\u540a\u706f\u3001\u521b\u610f\u5e8a\u5934\u706f","bank_type":"CFT","cash_fee":"8","fee_type":"CNY","is_subscribe":"N","mch_id":"1267579601","nonce_str":"SL7lzr79Aopao9AZ","openid":"okRTqvnsSG3Qs0Fr14YsHbdictuM","out_trade_no":"2017011483705","result_code":"SUCCESS","return_code":"SUCCESS","return_msg":"OK","sign":"19DE06F1DD696F8C1F280364A252B6A3","time_end":"20170114092913","total_fee":"8","trade_state":"SUCCESS","trade_type":"NATIVE","transaction_id":"4006832001201701146255107787"}
[2017-01-14 10:19:05][debug] <xml><appid><![CDATA[wxb5aec13c030a530b]]></appid>
<attach><![CDATA[创意床头灯]]></attach>
<bank_type><![CDATA[ICBC_DEBIT]]></bank_type>
<cash_fee><![CDATA[2]]></cash_fee>
<fee_type><![CDATA[CNY]]></fee_type>
<is_subscribe><![CDATA[Y]]></is_subscribe>
<mch_id><![CDATA[1267579601]]></mch_id>
<nonce_str><![CDATA[7wuu2q3v1rgerg07b6qwum3f1ykchjjb]]></nonce_str>
<openid><![CDATA[okRTqvqRF0wqAu5zb6bshEJ5H48c]]></openid>
<out_trade_no><![CDATA[2017011425058]]></out_trade_no>
<result_code><![CDATA[SUCCESS]]></result_code>
<return_code><![CDATA[SUCCESS]]></return_code>
<sign><![CDATA[44F057A99B09C76C24A167AEE7E9C73D]]></sign>
<time_end><![CDATA[20170114101905]]></time_end>
<total_fee>2</total_fee>
<trade_type><![CDATA[JSAPI]]></trade_type>
<transaction_id><![CDATA[4004922001201701146260352119]]></transaction_id>
</xml>
[2017-01-14 10:19:05][debug] call back:{"appid":"wxb5aec13c030a530b","attach":"\u521b\u610f\u5e8a\u5934\u706f","bank_type":"ICBC_DEBIT","cash_fee":"2","fee_type":"CNY","is_subscribe":"Y","mch_id":"1267579601","nonce_str":"7wuu2q3v1rgerg07b6qwum3f1ykchjjb","openid":"okRTqvqRF0wqAu5zb6bshEJ5H48c","out_trade_no":"2017011425058","result_code":"SUCCESS","return_code":"SUCCESS","sign":"44F057A99B09C76C24A167AEE7E9C73D","time_end":"20170114101905","total_fee":"2","trade_type":"JSAPI","transaction_id":"4004922001201701146260352119"}
[2017-01-14 10:19:06][debug] query:{"appid":"wxb5aec13c030a530b","attach":"\u521b\u610f\u5e8a\u5934\u706f","bank_type":"ICBC_DEBIT","cash_fee":"2","fee_type":"CNY","is_subscribe":"Y","mch_id":"1267579601","nonce_str":"a4D4TEujpAeRJbJI","openid":"okRTqvqRF0wqAu5zb6bshEJ5H48c","out_trade_no":"2017011425058","result_code":"SUCCESS","return_code":"SUCCESS","return_msg":"OK","sign":"026681F7F76751A7D2345820F94596D0","time_end":"20170114101905","total_fee":"2","trade_state":"SUCCESS","trade_type":"JSAPI","transaction_id":"4004922001201701146260352119"}
[2017-01-14 10:20:33][debug] <xml><appid><![CDATA[wxb5aec13c030a530b]]></appid>
<attach><![CDATA[三只吊灯]]></attach>
<bank_type><![CDATA[ICBC_DEBIT]]></bank_type>
<cash_fee><![CDATA[4]]></cash_fee>
<fee_type><![CDATA[CNY]]></fee_type>
<is_subscribe><![CDATA[Y]]></is_subscribe>
<mch_id><![CDATA[1267579601]]></mch_id>
<nonce_str><![CDATA[gy91zi253c8fm9qfcev1v9raza82zyuv]]></nonce_str>
<openid><![CDATA[okRTqvqRF0wqAu5zb6bshEJ5H48c]]></openid>
<out_trade_no><![CDATA[2017011484804]]></out_trade_no>
<result_code><![CDATA[SUCCESS]]></result_code>
<return_code><![CDATA[SUCCESS]]></return_code>
<sign><![CDATA[F6A118EA28265F5C0A7EC0E321144ED6]]></sign>
<time_end><![CDATA[20170114102033]]></time_end>
<total_fee>4</total_fee>
<trade_type><![CDATA[JSAPI]]></trade_type>
<transaction_id><![CDATA[4004922001201701146262348459]]></transaction_id>
</xml>
[2017-01-14 10:20:33][debug] call back:{"appid":"wxb5aec13c030a530b","attach":"\u4e09\u53ea\u540a\u706f","bank_type":"ICBC_DEBIT","cash_fee":"4","fee_type":"CNY","is_subscribe":"Y","mch_id":"1267579601","nonce_str":"gy91zi253c8fm9qfcev1v9raza82zyuv","openid":"okRTqvqRF0wqAu5zb6bshEJ5H48c","out_trade_no":"2017011484804","result_code":"SUCCESS","return_code":"SUCCESS","sign":"F6A118EA28265F5C0A7EC0E321144ED6","time_end":"20170114102033","total_fee":"4","trade_type":"JSAPI","transaction_id":"4004922001201701146262348459"}
[2017-01-14 10:20:33][debug] query:{"appid":"wxb5aec13c030a530b","attach":"\u4e09\u53ea\u540a\u706f","bank_type":"ICBC_DEBIT","cash_fee":"4","fee_type":"CNY","is_subscribe":"Y","mch_id":"1267579601","nonce_str":"0TWaMTzY7ApSQNdI","openid":"okRTqvqRF0wqAu5zb6bshEJ5H48c","out_trade_no":"2017011484804","result_code":"SUCCESS","return_code":"SUCCESS","return_msg":"OK","sign":"96D23587D4FF785F914EFFC0B3CA4C40","time_end":"20170114102033","total_fee":"4","trade_state":"SUCCESS","trade_type":"JSAPI","transaction_id":"4004922001201701146262348459"}
[2017-01-14 10:22:09][debug] <xml><appid><![CDATA[wxb5aec13c030a530b]]></appid>
<attach><![CDATA[菠萝灯]]></attach>
<bank_type><![CDATA[ICBC_DEBIT]]></bank_type>
<cash_fee><![CDATA[10]]></cash_fee>
<fee_type><![CDATA[CNY]]></fee_type>
<is_subscribe><![CDATA[Y]]></is_subscribe>
<mch_id><![CDATA[1267579601]]></mch_id>
<nonce_str><![CDATA[hzuy0tlhb6b8rhz2b4ylw2anoevc8y0x]]></nonce_str>
<openid><![CDATA[okRTqvqRF0wqAu5zb6bshEJ5H48c]]></openid>
<out_trade_no><![CDATA[2017011468733]]></out_trade_no>
<result_code><![CDATA[SUCCESS]]></result_code>
<return_code><![CDATA[SUCCESS]]></return_code>
<sign><![CDATA[BEE38F0D2DC870064BD9B473ECFBE405]]></sign>
<time_end><![CDATA[20170114102209]]></time_end>
<total_fee>10</total_fee>
<trade_type><![CDATA[JSAPI]]></trade_type>
<transaction_id><![CDATA[4004922001201701146257140808]]></transaction_id>
</xml>
[2017-01-14 10:22:09][debug] call back:{"appid":"wxb5aec13c030a530b","attach":"\u83e0\u841d\u706f","bank_type":"ICBC_DEBIT","cash_fee":"10","fee_type":"CNY","is_subscribe":"Y","mch_id":"1267579601","nonce_str":"hzuy0tlhb6b8rhz2b4ylw2anoevc8y0x","openid":"okRTqvqRF0wqAu5zb6bshEJ5H48c","out_trade_no":"2017011468733","result_code":"SUCCESS","return_code":"SUCCESS","sign":"BEE38F0D2DC870064BD9B473ECFBE405","time_end":"20170114102209","total_fee":"10","trade_type":"JSAPI","transaction_id":"4004922001201701146257140808"}
[2017-01-14 10:22:10][debug] query:{"appid":"wxb5aec13c030a530b","attach":"\u83e0\u841d\u706f","bank_type":"ICBC_DEBIT","cash_fee":"10","fee_type":"CNY","is_subscribe":"Y","mch_id":"1267579601","nonce_str":"kmnLz776eH5HIKT5","openid":"okRTqvqRF0wqAu5zb6bshEJ5H48c","out_trade_no":"2017011468733","result_code":"SUCCESS","return_code":"SUCCESS","return_msg":"OK","sign":"C393DE2ECD680A688753E0DAB657DB26","time_end":"20170114102209","total_fee":"10","trade_state":"SUCCESS","trade_type":"JSAPI","transaction_id":"4004922001201701146257140808"}
[2017-01-14 10:59:24][debug] <xml><appid><![CDATA[wxb5aec13c030a530b]]></appid>
<attach><![CDATA[创意吊灯]]></attach>
<bank_type><![CDATA[CFT]]></bank_type>
<cash_fee><![CDATA[2]]></cash_fee>
<fee_type><![CDATA[CNY]]></fee_type>
<is_subscribe><![CDATA[N]]></is_subscribe>
<mch_id><![CDATA[1267579601]]></mch_id>
<nonce_str><![CDATA[qzz9c58v75wlpfuvovwt8uezte617fyc]]></nonce_str>
<openid><![CDATA[okRTqvqxHq9XhUgW0U9ld5YXRy0k]]></openid>
<out_trade_no><![CDATA[2017011404166]]></out_trade_no>
<result_code><![CDATA[SUCCESS]]></result_code>
<return_code><![CDATA[SUCCESS]]></return_code>
<sign><![CDATA[03B9D2157729F61C2EA2655C954E769C]]></sign>
<time_end><![CDATA[20170114105924]]></time_end>
<total_fee>2</total_fee>
<trade_type><![CDATA[JSAPI]]></trade_type>
<transaction_id><![CDATA[4001252001201701146263266569]]></transaction_id>
</xml>
[2017-01-14 10:59:24][debug] call back:{"appid":"wxb5aec13c030a530b","attach":"\u521b\u610f\u540a\u706f","bank_type":"CFT","cash_fee":"2","fee_type":"CNY","is_subscribe":"N","mch_id":"1267579601","nonce_str":"qzz9c58v75wlpfuvovwt8uezte617fyc","openid":"okRTqvqxHq9XhUgW0U9ld5YXRy0k","out_trade_no":"2017011404166","result_code":"SUCCESS","return_code":"SUCCESS","sign":"03B9D2157729F61C2EA2655C954E769C","time_end":"20170114105924","total_fee":"2","trade_type":"JSAPI","transaction_id":"4001252001201701146263266569"}
[2017-01-14 10:59:24][debug] query:{"appid":"wxb5aec13c030a530b","attach":"\u521b\u610f\u540a\u706f","bank_type":"CFT","cash_fee":"2","fee_type":"CNY","is_subscribe":"N","mch_id":"1267579601","nonce_str":"Ve6w8iE7vcpLyYmK","openid":"okRTqvqxHq9XhUgW0U9ld5YXRy0k","out_trade_no":"2017011404166","result_code":"SUCCESS","return_code":"SUCCESS","return_msg":"OK","sign":"2BB5B73FBB7BC7FB76F7865FD3056F43","time_end":"20170114105924","total_fee":"2","trade_state":"SUCCESS","trade_type":"JSAPI","transaction_id":"4001252001201701146263266569"}
[2017-01-14 11:31:52][debug] <xml><appid><![CDATA[wxb5aec13c030a530b]]></appid>
<attach><![CDATA[创意吊灯]]></attach>
<bank_type><![CDATA[CFT]]></bank_type>
<cash_fee><![CDATA[2]]></cash_fee>
<fee_type><![CDATA[CNY]]></fee_type>
<is_subscribe><![CDATA[N]]></is_subscribe>
<mch_id><![CDATA[1267579601]]></mch_id>
<nonce_str><![CDATA[hxpgk52l2z4nox7i3a46lrfcxcwq6m5b]]></nonce_str>
<openid><![CDATA[okRTqvhHyC-51uLTRN0grciiTn4I]]></openid>
<out_trade_no><![CDATA[2017011431044]]></out_trade_no>
<result_code><![CDATA[SUCCESS]]></result_code>
<return_code><![CDATA[SUCCESS]]></return_code>
<sign><![CDATA[A0042C51311CE7543C51B5DEBCAB0480]]></sign>
<time_end><![CDATA[20170114113151]]></time_end>
<total_fee>2</total_fee>
<trade_type><![CDATA[JSAPI]]></trade_type>
<transaction_id><![CDATA[4001702001201701146264119271]]></transaction_id>
</xml>
[2017-01-14 11:31:52][debug] call back:{"appid":"wxb5aec13c030a530b","attach":"\u521b\u610f\u540a\u706f","bank_type":"CFT","cash_fee":"2","fee_type":"CNY","is_subscribe":"N","mch_id":"1267579601","nonce_str":"hxpgk52l2z4nox7i3a46lrfcxcwq6m5b","openid":"okRTqvhHyC-51uLTRN0grciiTn4I","out_trade_no":"2017011431044","result_code":"SUCCESS","return_code":"SUCCESS","sign":"A0042C51311CE7543C51B5DEBCAB0480","time_end":"20170114113151","total_fee":"2","trade_type":"JSAPI","transaction_id":"4001702001201701146264119271"}
[2017-01-14 11:31:52][debug] query:{"appid":"wxb5aec13c030a530b","attach":"\u521b\u610f\u540a\u706f","bank_type":"CFT","cash_fee":"2","fee_type":"CNY","is_subscribe":"N","mch_id":"1267579601","nonce_str":"p5ww3tJF2SmLGRFN","openid":"okRTqvhHyC-51uLTRN0grciiTn4I","out_trade_no":"2017011431044","result_code":"SUCCESS","return_code":"SUCCESS","return_msg":"OK","sign":"8C97F4FDE5CF002EBA9F9E1521E98850","time_end":"20170114113151","total_fee":"2","trade_state":"SUCCESS","trade_type":"JSAPI","transaction_id":"4001702001201701146264119271"}
[2017-01-14 13:56:59][debug] <xml><appid><![CDATA[wxb5aec13c030a530b]]></appid>
<attach><![CDATA[创意吊灯]]></attach>
<bank_type><![CDATA[CFT]]></bank_type>
<cash_fee><![CDATA[2]]></cash_fee>
<fee_type><![CDATA[CNY]]></fee_type>
<is_subscribe><![CDATA[N]]></is_subscribe>
<mch_id><![CDATA[1267579601]]></mch_id>
<nonce_str><![CDATA[9eqdfqlojgqarank5fcg20b5n6e2aknb]]></nonce_str>
<openid><![CDATA[okRTqvk1QpI721eerHLOav6CfkIY]]></openid>
<out_trade_no><![CDATA[2017011494030]]></out_trade_no>
<result_code><![CDATA[SUCCESS]]></result_code>
<return_code><![CDATA[SUCCESS]]></return_code>
<sign><![CDATA[781EEF3F678731320B9AC008A3FCC0A2]]></sign>
<time_end><![CDATA[20170114135658]]></time_end>
<total_fee>2</total_fee>
<trade_type><![CDATA[JSAPI]]></trade_type>
<transaction_id><![CDATA[4010092001201701146286442474]]></transaction_id>
</xml>
[2017-01-14 13:56:59][debug] call back:{"appid":"wxb5aec13c030a530b","attach":"\u521b\u610f\u540a\u706f","bank_type":"CFT","cash_fee":"2","fee_type":"CNY","is_subscribe":"N","mch_id":"1267579601","nonce_str":"9eqdfqlojgqarank5fcg20b5n6e2aknb","openid":"okRTqvk1QpI721eerHLOav6CfkIY","out_trade_no":"2017011494030","result_code":"SUCCESS","return_code":"SUCCESS","sign":"781EEF3F678731320B9AC008A3FCC0A2","time_end":"20170114135658","total_fee":"2","trade_type":"JSAPI","transaction_id":"4010092001201701146286442474"}
[2017-01-14 13:56:59][debug] query:{"appid":"wxb5aec13c030a530b","attach":"\u521b\u610f\u540a\u706f","bank_type":"CFT","cash_fee":"2","fee_type":"CNY","is_subscribe":"N","mch_id":"1267579601","nonce_str":"niB5Y4vOHVKjPzbI","openid":"okRTqvk1QpI721eerHLOav6CfkIY","out_trade_no":"2017011494030","result_code":"SUCCESS","return_code":"SUCCESS","return_msg":"OK","sign":"6D0AEDB1B4FA386366B3E09AA215EE6B","time_end":"20170114135658","total_fee":"2","trade_state":"SUCCESS","trade_type":"JSAPI","transaction_id":"4010092001201701146286442474"}
[2017-01-14 22:32:35][debug] <xml><appid><![CDATA[wxb5aec13c030a530b]]></appid>
<attach><![CDATA[创意床头灯]]></attach>
<bank_type><![CDATA[CFT]]></bank_type>
<cash_fee><![CDATA[2]]></cash_fee>
<fee_type><![CDATA[CNY]]></fee_type>
<is_subscribe><![CDATA[N]]></is_subscribe>
<mch_id><![CDATA[1267579601]]></mch_id>
<nonce_str><![CDATA[lvhwar325ae1dqu1ekceh4fmupnw8cac]]></nonce_str>
<openid><![CDATA[okRTqvpkszlSq3J6oG6_legZecs8]]></openid>
<out_trade_no><![CDATA[2017011489209]]></out_trade_no>
<result_code><![CDATA[SUCCESS]]></result_code>
<return_code><![CDATA[SUCCESS]]></return_code>
<sign><![CDATA[30318BC95C49EC9084F20D0F72755A94]]></sign>
<time_end><![CDATA[20170114223235]]></time_end>
<total_fee>2</total_fee>
<trade_type><![CDATA[JSAPI]]></trade_type>
<transaction_id><![CDATA[4003952001201701146341025213]]></transaction_id>
</xml>
[2017-01-14 22:32:35][debug] call back:{"appid":"wxb5aec13c030a530b","attach":"\u521b\u610f\u5e8a\u5934\u706f","bank_type":"CFT","cash_fee":"2","fee_type":"CNY","is_subscribe":"N","mch_id":"1267579601","nonce_str":"lvhwar325ae1dqu1ekceh4fmupnw8cac","openid":"okRTqvpkszlSq3J6oG6_legZecs8","out_trade_no":"2017011489209","result_code":"SUCCESS","return_code":"SUCCESS","sign":"30318BC95C49EC9084F20D0F72755A94","time_end":"20170114223235","total_fee":"2","trade_type":"JSAPI","transaction_id":"4003952001201701146341025213"}
[2017-01-14 22:32:36][debug] query:{"appid":"wxb5aec13c030a530b","attach":"\u521b\u610f\u5e8a\u5934\u706f","bank_type":"CFT","cash_fee":"2","fee_type":"CNY","is_subscribe":"N","mch_id":"1267579601","nonce_str":"qBdDyMTt1uzcS4pB","openid":"okRTqvpkszlSq3J6oG6_legZecs8","out_trade_no":"2017011489209","result_code":"SUCCESS","return_code":"SUCCESS","return_msg":"OK","sign":"78E686BBA498466B3BBF71FCF7F5F79C","time_end":"20170114223235","total_fee":"2","trade_state":"SUCCESS","trade_type":"JSAPI","transaction_id":"4003952001201701146341025213"}
